<?xml version="1.0" encoding="UTF-8"?>
<!-- Generated by org.testng.reporters.JUnitXMLReporter -->
<testsuite ignored="18" hostname="IN-PG02P5XZ" failures="0" tests="3" name="Default test" time="19.899" errors="0" timestamp="04 Oct 2023 04:11:39 GMT">
  <testcase classname="TestCases.VerifyBrocollisOnCart" name="AddBrocolli" time="1.393"/>
  <testcase classname="TestCases.VerifyDryFruitOnCart" name="Dryfruits" time="5.379"/>
  <testcase classname="TestCases.VerifyFruitsOnCart" name="AddFruits" time="5.586"/>
  <testcase classname="BaseClass.BaseClass" name="@BeforeSuite setExtent" time="0.0">
    <ignored/>
  </testcase> <!-- @BeforeSuite setExtent -->
  <testcase classname="BaseClass.BaseClass" name="@BeforeSuite setExtent" time="0.0">
    <ignored/>
  </testcase> <!-- @BeforeSuite setExtent -->
  <testcase classname="BaseClass.BaseClass" name="@BeforeSuite setExtent" time="0.0">
    <ignored/>
  </testcase> <!-- @BeforeSuite setExtent -->
  <testcase classname="BaseClass.BaseClass" name="@BeforeSuite setExtent" time="0.0">
    <ignored/>
  </testcase> <!-- @BeforeSuite setExtent -->
  <testcase classname="BaseClass.BaseClass" name="@BeforeSuite setExtent" time="0.0">
    <ignored/>
  </testcase> <!-- @BeforeSuite setExtent -->
  <testcase classname="BaseClass.BaseClass" name="@BeforeSuite setExtent" time="0.0">
    <ignored/>
  </testcase> <!-- @BeforeSuite setExtent -->
  <testcase classname="BaseClass.BaseClass" name="@BeforeSuite setExtent" time="0.0">
    <ignored/>
  </testcase> <!-- @BeforeSuite setExtent -->
  <testcase classname="BaseClass.BaseClass" name="@BeforeSuite setExtent" time="0.0">
    <ignored/>
  </testcase> <!-- @BeforeSuite setExtent -->
  <testcase classname="BaseClass.BaseClass" name="@BeforeSuite setExtent" time="0.0">
    <ignored/>
  </testcase> <!-- @BeforeSuite setExtent -->
  <testcase classname="BaseClass.BaseClass" name="@AfterSuite endReport" time="0.0">
    <ignored/>
  </testcase> <!-- @AfterSuite endReport -->
  <testcase classname="BaseClass.BaseClass" name="@AfterSuite endReport" time="0.0">
    <ignored/>
  </testcase> <!-- @AfterSuite endReport -->
  <testcase classname="BaseClass.BaseClass" name="@AfterSuite endReport" time="0.0">
    <ignored/>
  </testcase> <!-- @AfterSuite endReport -->
  <testcase classname="BaseClass.BaseClass" name="@AfterSuite endReport" time="0.0">
    <ignored/>
  </testcase> <!-- @AfterSuite endReport -->
  <testcase classname="BaseClass.BaseClass" name="@AfterSuite endReport" time="0.0">
    <ignored/>
  </testcase> <!-- @AfterSuite endReport -->
  <testcase classname="BaseClass.BaseClass" name="@AfterSuite endReport" time="0.0">
    <ignored/>
  </testcase> <!-- @AfterSuite endReport -->
  <testcase classname="BaseClass.BaseClass" name="@AfterSuite endReport" time="0.0">
    <ignored/>
  </testcase> <!-- @AfterSuite endReport -->
  <testcase classname="BaseClass.BaseClass" name="@AfterSuite endReport" time="0.0">
    <ignored/>
  </testcase> <!-- @AfterSuite endReport -->
  <testcase classname="BaseClass.BaseClass" name="@AfterSuite endReport" time="0.0">
    <ignored/>
  </testcase> <!-- @AfterSuite endReport -->
</testsuite> <!-- Default test -->
