<?xml version="1.0" encoding="UTF-8"?>
<!-- Generated by org.testng.reporters.JUnitXMLReporter -->
<testsuite ignored="14" hostname="IN-PG02P5XZ" failures="0" tests="8" name="Test" time="96.636" errors="0" timestamp="04 Oct 2023 11:20:34 GMT">
  <testcase classname="TestCases.VerifyBrocollisOnCart" name="AddBrocolli" time="1.612"/>
  <testcase classname="TestCases.VerifyDryFruitOnCart" name="Dryfruits" time="4.725"/>
  <testcase classname="TestCases.VerifyFruitsOnCart" name="AddFruits" time="5.607"/>
  <testcase classname="TestCases.VerifyMuskMelonsOnCart" name="Add_MuskMelon" time="15.602"/>
  <testcase classname="TestCases.VerifyWalnutOnCart" name="Add_Walnuts" time="2.491"/>
  <testcase classname="TestCases.VerifyTomatosOnCart" name="add_Tomato" time="8.375"/>
  <testcase classname="TestCases.VerifyPlaceorder" name="ItemPrice" time="13.145"/>
  <testcase classname="TestCases.VerifyRemovePlaceOrder" name="Remove_From_ItemPrice" time="22.939"/>
  <testcase classname="BaseClass.BaseClass" name="@BeforeSuite setExtent" time="0.0">
    <ignored/>
  </testcase> <!-- @BeforeSuite setExtent -->
  <testcase classname="BaseClass.BaseClass" name="@BeforeSuite setExtent" time="0.0">
    <ignored/>
  </testcase> <!-- @BeforeSuite setExtent -->
  <testcase classname="BaseClass.BaseClass" name="@BeforeSuite setExtent" time="0.0">
    <ignored/>
  </testcase> <!-- @BeforeSuite setExtent -->
  <testcase classname="BaseClass.BaseClass" name="@BeforeSuite setExtent" time="0.0">
    <ignored/>
  </testcase> <!-- @BeforeSuite setExtent -->
  <testcase classname="BaseClass.BaseClass" name="@BeforeSuite setExtent" time="0.0">
    <ignored/>
  </testcase> <!-- @BeforeSuite setExtent -->
  <testcase classname="BaseClass.BaseClass" name="@BeforeSuite setExtent" time="0.0">
    <ignored/>
  </testcase> <!-- @BeforeSuite setExtent -->
  <testcase classname="BaseClass.BaseClass" name="@BeforeSuite setExtent" time="0.0">
    <ignored/>
  </testcase> <!-- @BeforeSuite setExtent -->
  <testcase classname="BaseClass.BaseClass" name="@AfterSuite endReport" time="0.0">
    <ignored/>
  </testcase> <!-- @AfterSuite endReport -->
  <testcase classname="BaseClass.BaseClass" name="@AfterSuite endReport" time="0.0">
    <ignored/>
  </testcase> <!-- @AfterSuite endReport -->
  <testcase classname="BaseClass.BaseClass" name="@AfterSuite endReport" time="0.0">
    <ignored/>
  </testcase> <!-- @AfterSuite endReport -->
  <testcase classname="BaseClass.BaseClass" name="@AfterSuite endReport" time="0.0">
    <ignored/>
  </testcase> <!-- @AfterSuite endReport -->
  <testcase classname="BaseClass.BaseClass" name="@AfterSuite endReport" time="0.0">
    <ignored/>
  </testcase> <!-- @AfterSuite endReport -->
  <testcase classname="BaseClass.BaseClass" name="@AfterSuite endReport" time="0.0">
    <ignored/>
  </testcase> <!-- @AfterSuite endReport -->
  <testcase classname="BaseClass.BaseClass" name="@AfterSuite endReport" time="0.0">
    <ignored/>
  </testcase> <!-- @AfterSuite endReport -->
</testsuite> <!-- Test -->
